TN:
SF:/usr/include/c++/9/bits/stl_iterator.h
DA:807,1219980
DA:829,1185310000
DA:830,1185310000
DA:860,105859
DA:992,140778000
end_of_record
SF:/usr/include/c++/9/bits/vector.tcc
FN:426,_ZNSt6vectorImSaImEE17_M_realloc_insertIJRKmEEEvN9__gnu_cxx17__normal_iteratorIPmS1_EEDpOT_
FNDA:1160110,_ZNSt6vectorImSaImEE17_M_realloc_insertIJRKmEEEvN9__gnu_cxx17__normal_iteratorIPmS1_EEDpOT_
DA:426,1160110
DA:435,1160110
DA:437,1160110
DA:438,1160110
DA:440,1160110
DA:449,1160110
DA:450,1160110
DA:464,1160110
DA:502,1160110
DA:503,1160110
DA:504,1160110
DA:505,1160110
end_of_record
SF:/usr/include/c++/9/bits/move.h
DA:193,138947000
DA:194,138947000
DA:195,138947000
end_of_record
SF:/usr/include/c++/9/ext/new_allocator.h
DA:128,1684460
end_of_record
SF:/usr/include/c++/9/bits/unordered_map.h
DA:102,28
end_of_record
SF:/usr/include/c++/9/bits/stl_algobase.h
DA:227,1160110
DA:228,105859
end_of_record
SF:/usr/include/c++/9/bits/char_traits.h
DA:300,4
DA:363,56
DA:365,56
end_of_record
SF:/usr/include/c++/9/bits/hashtable_policy.h
DA:2104,524326
DA:2112,524326
DA:2120,524355
DA:2123,524326
DA:2149,29
end_of_record
SF:/usr/include/c++/9/bits/stl_vector.h
FN:1184,_ZNSt6vectorImSaImEE9push_backERKm
FNDA:139724000,_ZNSt6vectorImSaImEE9push_backERKm
FN:1753,_ZNKSt6vectorImSaImEE12_M_check_lenEmPKc
FNDA:1160110,_ZNKSt6vectorImSaImEE12_M_check_lenEmPKc
DA:94,105859
DA:95,105859
DA:350,1160110
DA:677,105859
DA:680,3
DA:916,1160110
DA:1184,139724000
DA:1186,139724000
DA:1189,138564000
DA:1191,138564000
DA:1195,1160110
DA:1196,139724000
DA:1753,1160110
DA:1755,1160110
DA:1756,0
DA:1758,1160110
DA:1759,1160110
end_of_record
SF:/usr/include/c++/9/bits/unique_ptr.h
DA:81,0
DA:82,0
DA:154,0
DA:291,1414790000
DA:292,0
end_of_record
SF:/usr/include/c++/9/sstream
DA:832,0
end_of_record
SF:/usr/include/gtest/gtest-printers.h
FN:915,_ZN7testing13PrintToStringIiEENSt7__cxx1112basic_stringIcSt11char_traitsIcESaIcEEERKT_
FNDA:0,_ZN7testing13PrintToStringIiEENSt7__cxx1112basic_stringIcSt11char_traitsIcESaIcEEERKT_
FN:915,_ZN7testing13PrintToStringIN14ReplayDetector11ResultTypesEEENSt7__cxx1112basic_stringIcSt11char_traitsIcESaIcEEERKT_
FNDA:0,_ZN7testing13PrintToStringIN14ReplayDetector11ResultTypesEEENSt7__cxx1112basic_stringIcSt11char_traitsIcESaIcEEERKT_
FN:915,_ZN7testing13PrintToStringImEENSt7__cxx1112basic_stringIcSt11char_traitsIcESaIcEEERKT_
FNDA:0,_ZN7testing13PrintToStringImEENSt7__cxx1112basic_stringIcSt11char_traitsIcESaIcEEERKT_
DA:189,0
DA:287,0
DA:314,0
DA:379,0
DA:798,0
DA:915,0
DA:916,0
DA:917,0
DA:918,0
DA:915,0
DA:916,0
DA:917,0
DA:918,0
DA:915,0
DA:916,0
DA:917,0
DA:918,0
end_of_record
SF:/usr/include/gtest/gtest.h
FN:513,_ZN7testing4Test5SetupEv
FNDA:0,_ZN7testing4Test5SetupEv
FN:1504,_ZN7testing8internal18CmpHelperEQFailureImiEENS_15AssertionResultEPKcS4_RKT_RKT0_
FNDA:0,_ZN7testing8internal18CmpHelperEQFailureImiEENS_15AssertionResultEPKcS4_RKT_RKT0_
FN:1504,_ZN7testing8internal18CmpHelperEQFailureIN14ReplayDetector11ResultTypesES3_EENS_15AssertionResultEPKcS6_RKT_RKT0_
FNDA:0,_ZN7testing8internal18CmpHelperEQFailureIN14ReplayDetector11ResultTypesES3_EENS_15AssertionResultEPKcS6_RKT_RKT0_
FN:1504,_ZN7testing8internal18CmpHelperEQFailureImmEENS_15AssertionResultEPKcS4_RKT_RKT0_
FNDA:0,_ZN7testing8internal18CmpHelperEQFailureImmEENS_15AssertionResultEPKcS4_RKT_RKT0_
FN:1523,_ZN7testing8internal11CmpHelperEQImiEENS_15AssertionResultEPKcS4_RKT_RKT0_
FNDA:1,_ZN7testing8internal11CmpHelperEQImiEENS_15AssertionResultEPKcS4_RKT_RKT0_
FN:1523,_ZN7testing8internal11CmpHelperEQIN14ReplayDetector11ResultTypesES3_EENS_15AssertionResultEPKcS6_RKT_RKT0_
FNDA:1414790000,_ZN7testing8internal11CmpHelperEQIN14ReplayDetector11ResultTypesES3_EENS_15AssertionResultEPKcS6_RKT_RKT0_
FN:1523,_ZN7testing8internal11CmpHelperEQImmEENS_15AssertionResultEPKcS4_RKT_RKT0_
FNDA:356,_ZN7testing8internal11CmpHelperEQImmEENS_15AssertionResultEPKcS4_RKT_RKT0_
FN:2228,_ZN7testing11ScopedTraceC2EPKciS2_
FNDA:4,_ZN7testing11ScopedTraceC2EPKciS2_
DA:322,0
DA:513,0
DA:1504,0
DA:1511,0
DA:1504,0
DA:1511,0
DA:1504,0
DA:1511,0
DA:1523,1
DA:1527,1
DA:1528,1
DA:1531,0
DA:1523,1414790000
DA:1527,1414790000
DA:1528,1414790000
DA:1531,0
DA:1523,356
DA:1527,356
DA:1528,356
DA:1531,0
DA:1554,1414790000
DA:2228,4
DA:2229,4
DA:2230,4
DA:2473,1
end_of_record
SF:/usr/include/c++/9/bits/hashtable.h
FN:1348,_ZNSt10_HashtableImSt4pairIKmmESaIS2_ENSt8__detail10_Select1stESt8equal_toImESt4hashImENS4_18_Mod_range_hashingENS4_20_Default_ranged_hashENS4_20_Prime_rehash_policyENS4_17_Hashtable_traitsILb0ELb0ELb1EEEED2Ev
FNDA:29,_ZNSt10_HashtableImSt4pairIKmmESaIS2_ENSt8__detail10_Select1stESt8equal_toImESt4hashImENS4_18_Mod_range_hashingENS4_20_Default_ranged_hashENS4_20_Prime_rehash_policyENS4_17_Hashtable_traitsILb0ELb0ELb1EEEED2Ev
FN:2024,_ZNSt10_HashtableImSt4pairIKmmESaIS2_ENSt8__detail10_Select1stESt8equal_toImESt4hashImENS4_18_Mod_range_hashingENS4_20_Default_ranged_hashENS4_20_Prime_rehash_policyENS4_17_Hashtable_traitsILb0ELb0ELb1EEEE5clearEv
FNDA:29,_ZNSt10_HashtableImSt4pairIKmmESaIS2_ENSt8__detail10_Select1stESt8equal_toImESt4hashImENS4_18_Mod_range_hashingENS4_20_Default_ranged_hashENS4_20_Prime_rehash_policyENS4_17_Hashtable_traitsILb0ELb0ELb1EEEE5clearEv
DA:343,29
DA:367,29
DA:375,29
DA:1348,29
DA:1352,29
DA:1354,29
DA:2024,29
DA:2028,29
DA:2029,29
DA:2030,29
DA:2031,29
DA:2032,29
end_of_record
SF:/media/sf_My_Book/Projects/Mahsan/replay-attack-detector/gtest/main.cpp
FN:10,_Z15checkStatisticsRK14ReplayDetectormmmmm
FNDA:71,_Z15checkStatisticsRK14ReplayDetectormmmmm
FN:25,_ZN43ReplayDetector_ForwardWindow_FromEnd_1_Test8TestBodyEv
FNDA:1,_ZN43ReplayDetector_ForwardWindow_FromEnd_1_Test8TestBodyEv
FN:58,_ZN43ReplayDetector_ForwardWindow_FromEnd_2_Test8TestBodyEv
FNDA:1,_ZN43ReplayDetector_ForwardWindow_FromEnd_2_Test8TestBodyEv
FN:107,_ZN43ReplayDetector_ForwardWindow_FromEnd_3_Test8TestBodyEv
FNDA:1,_ZN43ReplayDetector_ForwardWindow_FromEnd_3_Test8TestBodyEv
FN:154,_ZN43ReplayDetector_ForwardWindow_FromEnd_4_Test8TestBodyEv
FNDA:1,_ZN43ReplayDetector_ForwardWindow_FromEnd_4_Test8TestBodyEv
FN:201,_ZN45ReplayDetector_ForwardWindow_FromStart_5_Test8TestBodyEv
FNDA:1,_ZN45ReplayDetector_ForwardWindow_FromStart_5_Test8TestBodyEv
FN:238,_ZN45ReplayDetector_ForwardWindow_FromStart_6_Test8TestBodyEv
FNDA:1,_ZN45ReplayDetector_ForwardWindow_FromStart_6_Test8TestBodyEv
FN:275,_ZN45ReplayDetector_ForwardWindow_FromStart_7_Test8TestBodyEv
FNDA:1,_ZN45ReplayDetector_ForwardWindow_FromStart_7_Test8TestBodyEv
FN:312,_ZN45ReplayDetector_ForwardWindow_FromStart_8_Test8TestBodyEv
FNDA:1,_ZN45ReplayDetector_ForwardWindow_FromStart_8_Test8TestBodyEv
FN:352,_ZN43ReplayDetector_ForwardWindow_FromEnd_9_Test8TestBodyEv
FNDA:1,_ZN43ReplayDetector_ForwardWindow_FromEnd_9_Test8TestBodyEv
FN:404,_ZN44ReplayDetector_ForwardWindow_FromEnd_10_Test8TestBodyEv
FNDA:1,_ZN44ReplayDetector_ForwardWindow_FromEnd_10_Test8TestBodyEv
FN:456,_ZN44ReplayDetector_ForwardWindow_FromEnd_11_Test8TestBodyEv
FNDA:1,_ZN44ReplayDetector_ForwardWindow_FromEnd_11_Test8TestBodyEv
FN:508,_ZN44ReplayDetector_ForwardWindow_FromEnd_12_Test8TestBodyEv
FNDA:1,_ZN44ReplayDetector_ForwardWindow_FromEnd_12_Test8TestBodyEv
FN:559,_ZN44ReplayDetector_ForwardWindow_FromEnd_13_Test8TestBodyEv
FNDA:1,_ZN44ReplayDetector_ForwardWindow_FromEnd_13_Test8TestBodyEv
FN:611,_ZN44ReplayDetector_ForwardWindow_FromEnd_14_Test8TestBodyEv
FNDA:1,_ZN44ReplayDetector_ForwardWindow_FromEnd_14_Test8TestBodyEv
FN:663,_ZN44ReplayDetector_ForwardWindow_FromEnd_15_Test8TestBodyEv
FNDA:1,_ZN44ReplayDetector_ForwardWindow_FromEnd_15_Test8TestBodyEv
FN:715,_ZN44ReplayDetector_ForwardWindow_FromEnd_16_Test8TestBodyEv
FNDA:1,_ZN44ReplayDetector_ForwardWindow_FromEnd_16_Test8TestBodyEv
FN:764,_ZN41ReplayDetector_RandomPacketNumber_17_Test8TestBodyEv
FNDA:1,_ZN41ReplayDetector_RandomPacketNumber_17_Test8TestBodyEv
FN:796,_ZN41ReplayDetector_RandomPacketNumber_18_Test8TestBodyEv
FNDA:1,_ZN41ReplayDetector_RandomPacketNumber_18_Test8TestBodyEv
FN:828,_ZN41ReplayDetector_RandomPacketNumber_19_Test8TestBodyEv
FNDA:1,_ZN41ReplayDetector_RandomPacketNumber_19_Test8TestBodyEv
FN:862,_ZN41ReplayDetector_RandomPacketNumber_20_Test8TestBodyEv
FNDA:1,_ZN41ReplayDetector_RandomPacketNumber_20_Test8TestBodyEv
FN:932,_ZN41ReplayDetector_RandomPacketNumber_22_Test8TestBodyEv
FNDA:1,_ZN41ReplayDetector_RandomPacketNumber_22_Test8TestBodyEv
FN:965,_ZN41ReplayDetector_RandomPacketNumber_23_Test8TestBodyEv
FNDA:1,_ZN41ReplayDetector_RandomPacketNumber_23_Test8TestBodyEv
FN:1033,_ZN41ReplayDetector_RandomPacketNumber_28_Test8TestBodyEv
FNDA:1,_ZN41ReplayDetector_RandomPacketNumber_28_Test8TestBodyEv
FN:1070,_ZN41ReplayDetector_RandomPacketNumber_29_Test8TestBodyEv
FNDA:1,_ZN41ReplayDetector_RandomPacketNumber_29_Test8TestBodyEv
FN:1106,_ZN41ReplayDetector_RandomPacketNumber_30_Test8TestBodyEv
FNDA:1,_ZN41ReplayDetector_RandomPacketNumber_30_Test8TestBodyEv
FN:1152,_ZN41ReplayDetector_RandomPacketNumber_31_Test8TestBodyEv
FNDA:1,_ZN41ReplayDetector_RandomPacketNumber_31_Test8TestBodyEv
FN:1184,_ZN41ReplayDetector_RandomPacketNumber_32_Test8TestBodyEv
FNDA:1,_ZN41ReplayDetector_RandomPacketNumber_32_Test8TestBodyEv
FN:1224,_ZN41ReplayDetector_RandomPacketNumber_33_Test8TestBodyEv
FNDA:1,_ZN41ReplayDetector_RandomPacketNumber_33_Test8TestBodyEv
FN:1255,main
FNDA:1,main
DA:10,71
DA:15,71
DA:16,71
DA:17,71
DA:18,71
DA:19,71
DA:20,71
DA:25,1
DA:27,1
DA:29,2
DA:30,1
DA:32,1
DA:33,1
DA:34,1
DA:35,1
DA:36,1
DA:38,2
DA:39,1
DA:41,1
DA:42,1
DA:44,2
DA:45,1
DA:46,1
DA:47,1
DA:48,1
DA:49,1
DA:51,2
DA:52,1
DA:53,1
DA:58,1
DA:60,1
DA:62,1
DA:64,1
DA:69,1
DA:70,1
DA:71,1
DA:72,1
DA:73,1
DA:75,1
DA:80,1
DA:82,1
DA:83,1
DA:85,1
DA:90,1
DA:91,1
DA:92,1
DA:93,1
DA:94,1
DA:96,1
DA:101,1
DA:102,1
DA:107,1
DA:109,1
DA:111,1
DA:116,1
DA:117,1
DA:118,1
DA:119,1
DA:120,1
DA:121,1
DA:123,1
DA:128,1
DA:129,1
DA:130,1
DA:132,1
DA:137,1
DA:138,1
DA:139,1
DA:140,1
DA:141,1
DA:143,1
DA:148,1
DA:149,1
DA:154,1
DA:156,1
DA:158,1
DA:163,1
DA:164,1
DA:165,1
DA:166,1
DA:167,1
DA:168,1
DA:170,1
DA:175,1
DA:176,1
DA:177,1
DA:179,1
DA:184,1
DA:185,1
DA:186,1
DA:187,1
DA:188,1
DA:190,1
DA:195,1
DA:196,1
DA:201,1
DA:204,1
DA:206,1
DA:208,1
DA:213,64
DA:215,63
DA:218,1
DA:223,1
DA:225,1
DA:227,1
DA:232,1
DA:233,1
DA:238,1
DA:241,1
DA:243,1
DA:245,1
DA:250,64
DA:252,63
DA:255,1
DA:260,1
DA:262,1
DA:264,1
DA:269,1
DA:270,1
DA:275,1
DA:278,1
DA:280,1
DA:282,1
DA:287,55
DA:289,54
DA:292,1
DA:297,1
DA:299,1
DA:301,1
DA:306,1
DA:307,1
DA:312,1
DA:315,1
DA:317,1
DA:319,1
DA:324,33
DA:326,32
DA:329,1
DA:334,1
DA:336,1
DA:338,1
DA:343,1
DA:344,1
DA:352,1
DA:354,1
DA:357,1
DA:359,1
DA:364,1
DA:365,1
DA:366,1
DA:368,129
DA:370,128
DA:373,1
DA:378,1
DA:380,1
DA:382,1
DA:387,1
DA:388,1
DA:390,1
DA:395,1
DA:396,1
DA:404,1
DA:406,1
DA:409,1
DA:411,1
DA:416,1
DA:417,1
DA:418,1
DA:420,129
DA:422,128
DA:425,1
DA:430,1
DA:432,1
DA:434,1
DA:439,1
DA:440,1
DA:442,1
DA:447,1
DA:448,1
DA:456,1
DA:458,1
DA:461,1
DA:463,1
DA:468,1
DA:469,1
DA:470,1
DA:472,129
DA:474,128
DA:477,1
DA:482,1
DA:484,1
DA:486,1
DA:491,1
DA:492,1
DA:494,1
DA:499,1
DA:500,1
DA:508,1
DA:510,1
DA:513,1
DA:515,1
DA:520,1
DA:521,1
DA:522,1
DA:524,129
DA:526,128
DA:529,1
DA:534,1
DA:536,1
DA:538,1
DA:543,1
DA:544,1
DA:546,1
DA:551,1
DA:552,1
DA:559,1
DA:561,1
DA:564,1
DA:566,1
DA:571,1
DA:572,1
DA:573,1
DA:575,129
DA:577,128
DA:580,1
DA:585,1
DA:587,1
DA:589,1
DA:594,1
DA:595,1
DA:596,1
DA:598,1
DA:603,1
DA:604,1
DA:611,1
DA:613,1
DA:616,1
DA:618,1
DA:623,1
DA:624,1
DA:625,1
DA:627,129
DA:629,128
DA:632,1
DA:637,1
DA:639,1
DA:641,1
DA:646,1
DA:647,1
DA:648,1
DA:650,1
DA:655,1
DA:656,1
DA:663,1
DA:665,1
DA:668,1
DA:670,1
DA:675,1
DA:676,1
DA:677,1
DA:679,129
DA:681,128
DA:684,1
DA:689,1
DA:691,1
DA:693,1
DA:698,1
DA:699,1
DA:700,1
DA:702,1
DA:707,1
DA:708,1
DA:715,1
DA:717,1
DA:720,1
DA:722,1
DA:727,1
DA:728,1
DA:729,1
DA:731,129
DA:733,128
DA:736,1
DA:741,1
DA:743,1
DA:745,1
DA:750,1
DA:751,1
DA:752,1
DA:754,1
DA:759,1
DA:760,1
DA:764,1
DA:770,1
DA:772,257
DA:774,256
DA:777,131328
DA:779,131072
DA:782,256
DA:784,131328
DA:786,131072
DA:792,1
DA:793,1
DA:796,1
DA:802,1
DA:804,4097
DA:806,4096
DA:809,2101250
DA:811,2097150
DA:814,4096
DA:816,2101250
DA:818,2097150
DA:824,1
DA:825,1
DA:828,1
DA:834,1
DA:836,1
DA:839,513
DA:841,512
DA:844,1
DA:846,65537
DA:848,33620000
DA:852,33554400
DA:855,65536
DA:858,1
DA:859,1
DA:862,1
DA:868,1
DA:870,1
DA:873,513
DA:875,512
DA:878,1
DA:880,1048580
DA:882,537919000
DA:884,536871000
DA:887,1048580
DA:890,1
DA:891,1
DA:932,1
DA:938,1
DA:940,129
DA:942,128
DA:945,131200
DA:947,131072
DA:950,128
DA:952,131200
DA:954,131072
DA:960,1
DA:961,1
DA:965,1
DA:971,1
DA:973,32769
DA:975,32768
DA:978,33587200
DA:980,33554400
DA:983,32768
DA:985,33587200
DA:987,33554400
DA:993,1
DA:994,1
DA:1033,1
DA:1039,1
DA:1041,33793
DA:1043,33792
DA:1046,33792
DA:1048,34636800
DA:1050,34603000
DA:1053,33792
DA:1055,34636800
DA:1058,34603000
DA:1064,1
DA:1065,1
DA:1070,1
DA:1076,1
DA:1078,33793
DA:1080,33792
DA:1083,33792
DA:1085,34636800
DA:1087,34603000
DA:1090,33792
DA:1092,34636800
DA:1095,34603000
DA:1101,1
DA:1102,1
DA:1106,1
DA:1112,1
DA:1114,1025
DA:1116,1024
DA:1119,1024
DA:1121,1
DA:1124,1024
DA:1126,1049600
DA:1128,1048570
DA:1131,1024
DA:1133,1049600
DA:1136,1048570
DA:1142,1
DA:1143,1
DA:1144,1
DA:1145,1
DA:1148,1
DA:1149,1
DA:1152,1
DA:1157,1
DA:1158,1
DA:1160,1
DA:1161,1
DA:1162,1
DA:1163,1
DA:1164,1
DA:1166,1
DA:1167,1
DA:1168,1
DA:1169,1
DA:1170,1
DA:1171,1
DA:1173,1
DA:1174,1
DA:1175,1
DA:1176,1
DA:1177,1
DA:1178,1
DA:1179,1
DA:1184,1
DA:1190,1
DA:1192,1
DA:1195,33554400
DA:1197,33554400
DA:1202,1
DA:1205,12
DA:1207,369099000
DA:1210,369099000
DA:1213,11
DA:1217,1
DA:1218,1
DA:1224,1
DA:1230,1
DA:1233,33554400
DA:1235,33554400
DA:1240,1
DA:1243,1
DA:1245,335544000
DA:1247,335544000
DA:1248,335544000
DA:1249,335544000
DA:1252,1
DA:1253,1
DA:1254,1
DA:1255,1
DA:1257,1
DA:1259,1
DA:1261,0
end_of_record
SF:/media/sf_My_Book/Projects/Mahsan/replay-attack-detector/include/replay_detector.h
FN:80,_ZN14ReplayDetectorD0Ev
FNDA:0,_ZN14ReplayDetectorD0Ev
FN:80,_ZN14ReplayDetectorD2Ev
FNDA:0,_ZN14ReplayDetectorD2Ev
DA:80,0
DA:81,0
DA:80,0
DA:81,0
DA:81,28
end_of_record
SF:/usr/include/c++/9/bits/basic_string.tcc
FN:206,_ZNSt7__cxx1112basic_stringIcSt11char_traitsIcESaIcEE12_M_constructIPcEEvT_S7_St20forward_iterator_tag
FNDA:28,_ZNSt7__cxx1112basic_stringIcSt11char_traitsIcESaIcEE12_M_constructIPcEEvT_S7_St20forward_iterator_tag
FN:206,_ZNSt7__cxx1112basic_stringIcSt11char_traitsIcESaIcEE12_M_constructIPKcEEvT_S8_St20forward_iterator_tag
FNDA:32,_ZNSt7__cxx1112basic_stringIcSt11char_traitsIcESaIcEE12_M_constructIPKcEEvT_S8_St20forward_iterator_tag
DA:206,28
DA:211,28
DA:212,0
DA:215,28
DA:217,28
DA:219,0
DA:220,0
DA:225,28
DA:232,28
DA:233,28
DA:206,32
DA:211,32
DA:212,0
DA:215,32
DA:217,32
DA:219,0
DA:220,0
DA:225,32
DA:232,32
DA:233,32
end_of_record
SF:/usr/include/c++/9/iostream
end_of_record
SF:/usr/include/c++/9/bits/locale_facets.h
FN:872,_ZNKSt5ctypeIcE5widenEc
FNDA:2,_ZNKSt5ctypeIcE5widenEc
FN:1084,_ZNKSt5ctypeIcE8do_widenEc
FNDA:0,_ZNKSt5ctypeIcE8do_widenEc
DA:872,2
DA:874,2
DA:875,2
DA:876,0
DA:877,0
DA:1084,0
DA:1085,0
end_of_record
SF:/usr/include/c++/9/bits/stl_iterator_base_funcs.h
DA:104,60
end_of_record
SF:/usr/include/c++/9/ostream
DA:113,2
DA:171,0
DA:202,0
DA:570,2
end_of_record
SF:/usr/include/c++/9/bits/alloc_traits.h
DA:470,1160110
end_of_record
SF:/usr/include/c++/9/bits/stl_algo.h
FN:4599,_ZSt14random_shuffleIN9__gnu_cxx17__normal_iteratorIPmSt6vectorImSaImEEEEEvT_S7_
FNDA:105859,_ZSt14random_shuffleIN9__gnu_cxx17__normal_iteratorIPmSt6vectorImSaImEEEEEvT_S7_
DA:4599,105859
DA:4606,105859
DA:4607,139724000
DA:4611,139618000
DA:4612,139618000
DA:4615,105859
end_of_record
SF:/usr/include/c++/9/streambuf
end_of_record
SF:/usr/include/c++/9/bits/basic_string.h
DA:179,0
DA:183,60
DA:211,0
DA:217,60
DA:222,4
DA:231,4
DA:237,0
DA:348,60
DA:349,4
DA:2301,0
end_of_record
SF:/usr/include/gtest/internal/gtest-internal.h
FN:460,_ZN7testing8internal15TestFactoryImplI43ReplayDetector_ForwardWindow_FromEnd_2_TestE10CreateTestEv
FNDA:1,_ZN7testing8internal15TestFactoryImplI43ReplayDetector_ForwardWindow_FromEnd_2_TestE10CreateTestEv
FN:460,_ZN7testing8internal15TestFactoryImplI41ReplayDetector_RandomPacketNumber_33_TestE10CreateTestEv
FNDA:1,_ZN7testing8internal15TestFactoryImplI41ReplayDetector_RandomPacketNumber_33_TestE10CreateTestEv
FN:460,_ZN7testing8internal15TestFactoryImplI41ReplayDetector_RandomPacketNumber_32_TestE10CreateTestEv
FNDA:1,_ZN7testing8internal15TestFactoryImplI41ReplayDetector_RandomPacketNumber_32_TestE10CreateTestEv
FN:460,_ZN7testing8internal15TestFactoryImplI41ReplayDetector_RandomPacketNumber_31_TestE10CreateTestEv
FNDA:1,_ZN7testing8internal15TestFactoryImplI41ReplayDetector_RandomPacketNumber_31_TestE10CreateTestEv
FN:460,_ZN7testing8internal15TestFactoryImplI41ReplayDetector_RandomPacketNumber_30_TestE10CreateTestEv
FNDA:1,_ZN7testing8internal15TestFactoryImplI41ReplayDetector_RandomPacketNumber_30_TestE10CreateTestEv
FN:460,_ZN7testing8internal15TestFactoryImplI41ReplayDetector_RandomPacketNumber_29_TestE10CreateTestEv
FNDA:1,_ZN7testing8internal15TestFactoryImplI41ReplayDetector_RandomPacketNumber_29_TestE10CreateTestEv
FN:460,_ZN7testing8internal15TestFactoryImplI41ReplayDetector_RandomPacketNumber_28_TestE10CreateTestEv
FNDA:1,_ZN7testing8internal15TestFactoryImplI41ReplayDetector_RandomPacketNumber_28_TestE10CreateTestEv
FN:460,_ZN7testing8internal15TestFactoryImplI41ReplayDetector_RandomPacketNumber_23_TestE10CreateTestEv
FNDA:1,_ZN7testing8internal15TestFactoryImplI41ReplayDetector_RandomPacketNumber_23_TestE10CreateTestEv
FN:460,_ZN7testing8internal15TestFactoryImplI41ReplayDetector_RandomPacketNumber_22_TestE10CreateTestEv
FNDA:1,_ZN7testing8internal15TestFactoryImplI41ReplayDetector_RandomPacketNumber_22_TestE10CreateTestEv
FN:460,_ZN7testing8internal15TestFactoryImplI41ReplayDetector_RandomPacketNumber_20_TestE10CreateTestEv
FNDA:1,_ZN7testing8internal15TestFactoryImplI41ReplayDetector_RandomPacketNumber_20_TestE10CreateTestEv
FN:460,_ZN7testing8internal15TestFactoryImplI41ReplayDetector_RandomPacketNumber_19_TestE10CreateTestEv
FNDA:1,_ZN7testing8internal15TestFactoryImplI41ReplayDetector_RandomPacketNumber_19_TestE10CreateTestEv
FN:460,_ZN7testing8internal15TestFactoryImplI41ReplayDetector_RandomPacketNumber_18_TestE10CreateTestEv
FNDA:1,_ZN7testing8internal15TestFactoryImplI41ReplayDetector_RandomPacketNumber_18_TestE10CreateTestEv
FN:460,_ZN7testing8internal15TestFactoryImplI41ReplayDetector_RandomPacketNumber_17_TestE10CreateTestEv
FNDA:1,_ZN7testing8internal15TestFactoryImplI41ReplayDetector_RandomPacketNumber_17_TestE10CreateTestEv
FN:460,_ZN7testing8internal15TestFactoryImplI44ReplayDetector_ForwardWindow_FromEnd_16_TestE10CreateTestEv
FNDA:1,_ZN7testing8internal15TestFactoryImplI44ReplayDetector_ForwardWindow_FromEnd_16_TestE10CreateTestEv
FN:460,_ZN7testing8internal15TestFactoryImplI44ReplayDetector_ForwardWindow_FromEnd_15_TestE10CreateTestEv
FNDA:1,_ZN7testing8internal15TestFactoryImplI44ReplayDetector_ForwardWindow_FromEnd_15_TestE10CreateTestEv
FN:460,_ZN7testing8internal15TestFactoryImplI44ReplayDetector_ForwardWindow_FromEnd_14_TestE10CreateTestEv
FNDA:1,_ZN7testing8internal15TestFactoryImplI44ReplayDetector_ForwardWindow_FromEnd_14_TestE10CreateTestEv
FN:460,_ZN7testing8internal15TestFactoryImplI44ReplayDetector_ForwardWindow_FromEnd_13_TestE10CreateTestEv
FNDA:1,_ZN7testing8internal15TestFactoryImplI44ReplayDetector_ForwardWindow_FromEnd_13_TestE10CreateTestEv
FN:460,_ZN7testing8internal15TestFactoryImplI44ReplayDetector_ForwardWindow_FromEnd_12_TestE10CreateTestEv
FNDA:1,_ZN7testing8internal15TestFactoryImplI44ReplayDetector_ForwardWindow_FromEnd_12_TestE10CreateTestEv
FN:460,_ZN7testing8internal15TestFactoryImplI44ReplayDetector_ForwardWindow_FromEnd_11_TestE10CreateTestEv
FNDA:1,_ZN7testing8internal15TestFactoryImplI44ReplayDetector_ForwardWindow_FromEnd_11_TestE10CreateTestEv
FN:460,_ZN7testing8internal15TestFactoryImplI44ReplayDetector_ForwardWindow_FromEnd_10_TestE10CreateTestEv
FNDA:1,_ZN7testing8internal15TestFactoryImplI44ReplayDetector_ForwardWindow_FromEnd_10_TestE10CreateTestEv
FN:460,_ZN7testing8internal15TestFactoryImplI43ReplayDetector_ForwardWindow_FromEnd_9_TestE10CreateTestEv
FNDA:1,_ZN7testing8internal15TestFactoryImplI43ReplayDetector_ForwardWindow_FromEnd_9_TestE10CreateTestEv
FN:460,_ZN7testing8internal15TestFactoryImplI45ReplayDetector_ForwardWindow_FromStart_8_TestE10CreateTestEv
FNDA:1,_ZN7testing8internal15TestFactoryImplI45ReplayDetector_ForwardWindow_FromStart_8_TestE10CreateTestEv
FN:460,_ZN7testing8internal15TestFactoryImplI45ReplayDetector_ForwardWindow_FromStart_7_TestE10CreateTestEv
FNDA:1,_ZN7testing8internal15TestFactoryImplI45ReplayDetector_ForwardWindow_FromStart_7_TestE10CreateTestEv
FN:460,_ZN7testing8internal15TestFactoryImplI45ReplayDetector_ForwardWindow_FromStart_6_TestE10CreateTestEv
FNDA:1,_ZN7testing8internal15TestFactoryImplI45ReplayDetector_ForwardWindow_FromStart_6_TestE10CreateTestEv
FN:460,_ZN7testing8internal15TestFactoryImplI45ReplayDetector_ForwardWindow_FromStart_5_TestE10CreateTestEv
FNDA:1,_ZN7testing8internal15TestFactoryImplI45ReplayDetector_ForwardWindow_FromStart_5_TestE10CreateTestEv
FN:460,_ZN7testing8internal15TestFactoryImplI43ReplayDetector_ForwardWindow_FromEnd_4_TestE10CreateTestEv
FNDA:1,_ZN7testing8internal15TestFactoryImplI43ReplayDetector_ForwardWindow_FromEnd_4_TestE10CreateTestEv
FN:460,_ZN7testing8internal15TestFactoryImplI43ReplayDetector_ForwardWindow_FromEnd_3_TestE10CreateTestEv
FNDA:1,_ZN7testing8internal15TestFactoryImplI43ReplayDetector_ForwardWindow_FromEnd_3_TestE10CreateTestEv
FN:460,_ZN7testing8internal15TestFactoryImplI43ReplayDetector_ForwardWindow_FromEnd_1_TestE10CreateTestEv
FNDA:1,_ZN7testing8internal15TestFactoryImplI43ReplayDetector_ForwardWindow_FromEnd_1_TestE10CreateTestEv
FN:509,_ZN7testing8internal16SuiteApiResolverINS_4TestEE19GetSetUpCaseOrSuiteEPKci
FNDA:28,_ZN7testing8internal16SuiteApiResolverINS_4TestEE19GetSetUpCaseOrSuiteEPKci
FN:524,_ZN7testing8internal16SuiteApiResolverINS_4TestEE22GetTearDownCaseOrSuiteEPKci
FNDA:28,_ZN7testing8internal16SuiteApiResolverINS_4TestEE22GetTearDownCaseOrSuiteEPKci
DA:460,2
DA:460,2
DA:460,2
DA:460,2
DA:460,2
DA:460,2
DA:460,2
DA:460,2
DA:460,2
DA:460,2
DA:460,2
DA:460,2
DA:460,2
DA:460,2
DA:460,2
DA:460,2
DA:460,2
DA:460,2
DA:460,2
DA:460,2
DA:460,2
DA:460,2
DA:460,2
DA:460,2
DA:460,2
DA:460,2
DA:460,2
DA:460,2
DA:509,28
DA:516,28
DA:519,0
DA:521,28
DA:524,28
DA:531,28
DA:534,0
DA:536,28
end_of_record
SF:/usr/include/c++/9/bits/stl_uninitialized.h
DA:927,1160110
DA:928,2214360
DA:929,1054250
DA:930,1160110
end_of_record
TN:
SF:/usr/include/c++/9/bitset
DA:479,12
end_of_record
SF:/usr/include/c++/9/ext/new_allocator.h
DA:114,16863300
DA:128,16339000
end_of_record
SF:/usr/include/c++/9/bits/unordered_map.h
DA:102,0
DA:310,1079250000
DA:798,16339000
DA:921,2494040000
DA:985,16863300
end_of_record
SF:/usr/include/c++/9/tuple
DA:1670,16863300
DA:1674,16863300
end_of_record
SF:/usr/include/c++/9/bits/hashtable_policy.h
FN:689,_ZNSt8__detail9_Map_baseImSt4pairIKmmESaIS3_ENS_10_Select1stESt8equal_toImESt4hashImENS_18_Mod_range_hashingENS_20_Default_ranged_hashENS_20_Prime_rehash_policyENS_17_Hashtable_traitsILb0ELb0ELb1EEELb1EEixERS2_
FNDA:16863300,_ZNSt8__detail9_Map_baseImSt4pairIKmmESaIS3_ENS_10_Select1stESt8equal_toImESt4hashImENS_18_Mod_range_hashingENS_20_Default_ranged_hashENS_20_Prime_rehash_policyENS_17_Hashtable_traitsILb0ELb0ELb1EEELb1EEixERS2_
DA:218,16863300
DA:294,16339000
DA:295,16339000
DA:433,2510380000
DA:450,29
DA:485,0
DA:689,16863300
DA:695,16863300
DA:696,16863300
DA:697,16863300
DA:699,16863300
DA:704,16863300
DA:707,0
DA:1304,46986600
DA:2104,0
DA:2112,16339000
DA:2120,0
DA:2123,0
DA:2149,35
end_of_record
SF:/media/sf_My_Book/Projects/Mahsan/replay-attack-detector/src/replay_detector.cpp
FN:3,_ZN14ReplayDetectorC2Emm
FNDA:29,_ZN14ReplayDetectorC2Emm
FN:32,_ZN14ReplayDetector17checkPacketNumberEm
FNDA:1414790000,_ZN14ReplayDetector17checkPacketNumberEm
FN:112,_ZNK14ReplayDetector17startPacketNumberEv
FNDA:71,_ZNK14ReplayDetector17startPacketNumberEv
FN:117,_ZNK14ReplayDetector16startBlockNumberEv
FNDA:71,_ZNK14ReplayDetector16startBlockNumberEv
FN:122,_ZNK14ReplayDetector19acceptedPacketCountEv
FNDA:71,_ZNK14ReplayDetector19acceptedPacketCountEv
FN:127,_ZNK14ReplayDetector17missedPacketCountEv
FNDA:71,_ZNK14ReplayDetector17missedPacketCountEv
FN:132,_ZNK14ReplayDetector19unfilledPacketCountEv
FNDA:71,_ZNK14ReplayDetector19unfilledPacketCountEv
FN:137,_ZNK14ReplayDetector21duplicatedPacketCountEv
FNDA:2,_ZNK14ReplayDetector21duplicatedPacketCountEv
FN:142,_ZN14ReplayDetector27removeExceptionalFirstBlockERKNSt8__detail14_Node_iteratorISt4pairIKmmELb0ELb0EEE
FNDA:624,_ZN14ReplayDetector27removeExceptionalFirstBlockERKNSt8__detail14_Node_iteratorISt4pairIKmmELb0ELb0EEE
FN:170,_ZN14ReplayDetector16removeFirstBlockERNSt8__detail14_Node_iteratorISt4pairIKmmELb0ELb0EEE
FNDA:1079250000,_ZN14ReplayDetector16removeFirstBlockERNSt8__detail14_Node_iteratorISt4pairIKmmELb0ELb0EEE
FN:187,_ZN14ReplayDetector17moveWindowForwardERKm
FNDA:12,_ZN14ReplayDetector17moveWindowForwardERKm
FN:266,_ZN14ReplayDetector11checkBlocksEv
FNDA:1079250000,_ZN14ReplayDetector11checkBlocksEv
DA:3,29
DA:4,29
DA:6,29
DA:7,29
DA:13,29
DA:15,29
DA:17,16
DA:23,29
DA:25,29
DA:26,29
DA:28,29
DA:29,29
DA:30,29
DA:32,1414790000
DA:38,1414790000
DA:44,1414790000
DA:46,1414790000
DA:48,33
DA:49,7
DA:54,26
DA:57,1414790000
DA:60,1414790000
DA:68,1414790000
DA:73,16863300
DA:84,1397930000
DA:86,335544000
DA:88,335544000
DA:91,1062380000
DA:94,1079250000
DA:96,2578720
DA:99,1079250000
DA:100,1079250000
DA:102,1079250000
DA:104,1079250000
DA:106,6507930
DA:112,71
DA:114,71
DA:117,71
DA:119,71
DA:122,71
DA:124,71
DA:127,71
DA:129,71
DA:132,71
DA:134,71
DA:137,2
DA:139,2
DA:142,624
DA:150,624
DA:153,624
DA:155,624
DA:163,2
DA:164,2
DA:165,2
DA:168,624
DA:170,1079250000
DA:172,1095590000
DA:179,16338900
DA:180,16338900
DA:181,16338900
DA:184,1079250000
DA:185,1079250000
DA:187,12
DA:189,12
DA:190,12
DA:191,12
DA:199,12
DA:201,4
DA:202,4
DA:203,4
DA:215,92
DA:219,80
DA:221,6
DA:224,80
DA:226,80
DA:228,24
DA:230,24
DA:233,12
DA:234,12
DA:240,12
DA:247,56
DA:248,56
DA:256,80
DA:257,80
DA:258,80
DA:259,80
DA:262,12
DA:263,12
DA:264,12
DA:266,1079250000
DA:268,1079250000
DA:271,1079250000
DA:273,624
DA:277,1079250000
DA:280,1079250000
DA:282,1078030000
DA:284,1078030000
DA:288,12
DA:291,1079250000
end_of_record
SF:/media/sf_My_Book/Projects/Mahsan/replay-attack-detector/include/replay_detector.h
FN:80,_ZN14ReplayDetectorD0Ev
FNDA:0,_ZN14ReplayDetectorD0Ev
FN:80,_ZN14ReplayDetectorD2Ev
FNDA:0,_ZN14ReplayDetectorD2Ev
DA:80,0
DA:81,0
DA:80,0
DA:81,0
end_of_record
SF:/usr/include/c++/9/bits/hashtable.h
FN:1348,_ZNSt10_HashtableImSt4pairIKmmESaIS2_ENSt8__detail10_Select1stESt8equal_toImESt4hashImENS4_18_Mod_range_hashingENS4_20_Default_ranged_hashENS4_20_Prime_rehash_policyENS4_17_Hashtable_traitsILb0ELb0ELb1EEEED2Ev
FNDA:0,_ZNSt10_HashtableImSt4pairIKmmESaIS2_ENSt8__detail10_Select1stESt8equal_toImESt4hashImENS4_18_Mod_range_hashingENS4_20_Default_ranged_hashENS4_20_Prime_rehash_policyENS4_17_Hashtable_traitsILb0ELb0ELb1EEEED2Ev
FN:1560,_ZNSt10_HashtableImSt4pairIKmmESaIS2_ENSt8__detail10_Select1stESt8equal_toImESt4hashImENS4_18_Mod_range_hashingENS4_20_Default_ranged_hashENS4_20_Prime_rehash_policyENS4_17_Hashtable_traitsILb0ELb0ELb1EEEE22_M_insert_bucket_beginEmPNS4_10_Hash_nodeIS2_Lb0EEE
FNDA:16863300,_ZNSt10_HashtableImSt4pairIKmmESaIS2_ENSt8__detail10_Select1stESt8equal_toImESt4hashImENS4_18_Mod_range_hashingENS4_20_Default_ranged_hashENS4_20_Prime_rehash_policyENS4_17_Hashtable_traitsILb0ELb0ELb1EEEE22_M_insert_bucket_beginEmPNS4_10_Hash_nodeIS2_Lb0EEE
FN:1591,_ZNSt10_HashtableImSt4pairIKmmESaIS2_ENSt8__detail10_Select1stESt8equal_toImESt4hashImENS4_18_Mod_range_hashingENS4_20_Default_ranged_hashENS4_20_Prime_rehash_policyENS4_17_Hashtable_traitsILb0ELb0ELb1EEEE22_M_remove_bucket_beginEmPNS4_10_Hash_nodeIS2_Lb0EEEm
FNDA:16339000,_ZNSt10_HashtableImSt4pairIKmmESaIS2_ENSt8__detail10_Select1stESt8equal_toImESt4hashImENS4_18_Mod_range_hashingENS4_20_Default_ranged_hashENS4_20_Prime_rehash_policyENS4_17_Hashtable_traitsILb0ELb0ELb1EEEE22_M_remove_bucket_beginEmPNS4_10_Hash_nodeIS2_Lb0EEEm
FN:1698,_ZNSt10_HashtableImSt4pairIKmmESaIS2_ENSt8__detail10_Select1stESt8equal_toImESt4hashImENS4_18_Mod_range_hashingENS4_20_Default_ranged_hashENS4_20_Prime_rehash_policyENS4_17_Hashtable_traitsILb0ELb0ELb1EEEE21_M_insert_unique_nodeEmmPNS4_10_Hash_nodeIS2_Lb0EEEm
FNDA:16863300,_ZNSt10_HashtableImSt4pairIKmmESaIS2_ENSt8__detail10_Select1stESt8equal_toImESt4hashImENS4_18_Mod_range_hashingENS4_20_Default_ranged_hashENS4_20_Prime_rehash_policyENS4_17_Hashtable_traitsILb0ELb0ELb1EEEE21_M_insert_unique_nodeEmmPNS4_10_Hash_nodeIS2_Lb0EEEm
FN:1849,_ZNSt10_HashtableImSt4pairIKmmESaIS2_ENSt8__detail10_Select1stESt8equal_toImESt4hashImENS4_18_Mod_range_hashingENS4_20_Default_ranged_hashENS4_20_Prime_rehash_policyENS4_17_Hashtable_traitsILb0ELb0ELb1EEEE5eraseENS4_20_Node_const_iteratorIS2_Lb0ELb0EEE
FNDA:16339000,_ZNSt10_HashtableImSt4pairIKmmESaIS2_ENSt8__detail10_Select1stESt8equal_toImESt4hashImENS4_18_Mod_range_hashingENS4_20_Default_ranged_hashENS4_20_Prime_rehash_policyENS4_17_Hashtable_traitsILb0ELb0ELb1EEEE5eraseENS4_20_Node_const_iteratorIS2_Lb0ELb0EEE
FN:1869,_ZNSt10_HashtableImSt4pairIKmmESaIS2_ENSt8__detail10_Select1stESt8equal_toImESt4hashImENS4_18_Mod_range_hashingENS4_20_Default_ranged_hashENS4_20_Prime_rehash_policyENS4_17_Hashtable_traitsILb0ELb0ELb1EEEE8_M_eraseEmPNS4_15_Hash_node_baseEPNS4_10_Hash_nodeIS2_Lb0EEE
FNDA:16339000,_ZNSt10_HashtableImSt4pairIKmmESaIS2_ENSt8__detail10_Select1stESt8equal_toImESt4hashImENS4_18_Mod_range_hashingENS4_20_Default_ranged_hashENS4_20_Prime_rehash_policyENS4_17_Hashtable_traitsILb0ELb0ELb1EEEE8_M_eraseEmPNS4_15_Hash_node_baseEPNS4_10_Hash_nodeIS2_Lb0EEE
FN:2024,_ZNSt10_HashtableImSt4pairIKmmESaIS2_ENSt8__detail10_Select1stESt8equal_toImESt4hashImENS4_18_Mod_range_hashingENS4_20_Default_ranged_hashENS4_20_Prime_rehash_policyENS4_17_Hashtable_traitsILb0ELb0ELb1EEEE5clearEv
FNDA:0,_ZNSt10_HashtableImSt4pairIKmmESaIS2_ENSt8__detail10_Select1stESt8equal_toImESt4hashImENS4_18_Mod_range_hashingENS4_20_Default_ranged_hashENS4_20_Prime_rehash_policyENS4_17_Hashtable_traitsILb0ELb0ELb1EEEE5clearEv
FN:2061,_ZNSt10_HashtableImSt4pairIKmmESaIS2_ENSt8__detail10_Select1stESt8equal_toImESt4hashImENS4_18_Mod_range_hashingENS4_20_Default_ranged_hashENS4_20_Prime_rehash_policyENS4_17_Hashtable_traitsILb0ELb0ELb1EEEE9_M_rehashEmRS1_
FNDA:64,_ZNSt10_HashtableImSt4pairIKmmESaIS2_ENSt8__detail10_Select1stESt8equal_toImESt4hashImENS4_18_Mod_range_hashingENS4_20_Default_ranged_hashENS4_20_Prime_rehash_policyENS4_17_Hashtable_traitsILb0ELb0ELb1EEEE9_M_rehashEmRS1_
FN:2084,_ZNSt10_HashtableImSt4pairIKmmESaIS2_ENSt8__detail10_Select1stESt8equal_toImESt4hashImENS4_18_Mod_range_hashingENS4_20_Default_ranged_hashENS4_20_Prime_rehash_policyENS4_17_Hashtable_traitsILb0ELb0ELb1EEEE13_M_rehash_auxEmSt17integral_constantIbLb1EE
FNDA:64,_ZNSt10_HashtableImSt4pairIKmmESaIS2_ENSt8__detail10_Select1stESt8equal_toImESt4hashImENS4_18_Mod_range_hashingENS4_20_Default_ranged_hashENS4_20_Prime_rehash_policyENS4_17_Hashtable_traitsILb0ELb0ELb1EEEE13_M_rehash_auxEmSt17integral_constantIbLb1EE
DA:343,64
DA:355,64
DA:357,0
DA:358,0
DA:361,64
DA:367,64
DA:375,64
DA:414,29
DA:768,16339000
DA:1348,0
DA:1352,0
DA:1354,0
DA:1417,1079250000
DA:1418,2510380000
DA:1419,2510380000
DA:1420,2510380000
DA:1560,16863300
DA:1564,16863300
DA:1568,139776
DA:1569,139776
DA:1576,16723500
DA:1577,16723500
DA:1578,16723500
DA:1581,15503500
DA:1582,16723500
DA:1584,16863300
DA:1591,16339000
DA:1596,16339000
DA:1600,16339000
DA:1601,13760300
DA:1604,16339000
DA:1605,4744930
DA:1606,16339000
DA:1608,16339000
DA:1620,16339000
DA:1621,16339000
DA:1698,16863300
DA:1704,16863300
DA:1705,16863300
DA:1711,16863300
DA:1713,64
DA:1714,64
DA:1720,16863300
DA:1721,16863300
DA:1722,16863300
DA:1724,0
DA:1727,0
DA:1849,16339000
DA:1854,16339000
DA:1855,16339000
DA:1860,16339000
DA:1861,16339000
DA:1869,16339000
DA:1874,16339000
DA:1875,16339000
DA:1876,16339000
DA:1877,2
DA:1879,0
DA:1880,0
DA:1881,0
DA:1884,16339000
DA:1887,16339000
DA:1889,16339000
DA:2024,0
DA:2028,0
DA:2029,0
DA:2030,0
DA:2031,0
DA:2032,0
DA:2061,64
DA:2067,64
DA:2069,0
DA:2073,0
DA:2074,0
DA:2076,64
DA:2084,64
DA:2089,64
DA:2090,64
DA:2092,1383870
DA:2094,1383810
DA:2096,1383810
DA:2098,1335830
DA:2099,1335830
DA:2100,1335830
DA:2101,1335830
DA:2102,1335800
DA:2107,47977
DA:2108,47977
DA:2114,64
DA:2115,64
DA:2116,64
end_of_record
SF:/usr/include/c++/9/iostream
end_of_record
